
Showing logs for build [32mcb-kubecd-environment-pr-1351-2-kwzd5-2[0m stage [32mfrom-build-pack[0m and container [32mstep-credential-initializer-mr2t9[0m
{"level":"warn","ts":1585747124.8336353,"logger":"fallback-logger","caller":"logging/config.go:69","msg":"Fetch GitHub commit ID from kodata failed: \"ref: refs/heads/0.8.0-**-support-backwards-incompats\" is not a valid GitHub commit ID"}
{"level":"info","ts":1585747124.8345184,"logger":"fallback-logger","caller":"creds-init/main.go:40","msg":"Credentials initialized."}

Showing logs for build [32mcb-kubecd-environment-pr-1351-2-kwzd5-2[0m stage [32mfrom-build-pack[0m and container [32mstep-working-dir-initializer-jdh7t[0m
{"level":"warn","ts":1585747125.8563683,"logger":"fallback-logger","caller":"logging/config.go:69","msg":"Fetch GitHub commit ID from kodata failed: open /var/run/ko/HEAD: no such file or directory"}
{"level":"info","ts":1585747125.8579533,"logger":"fallback-logger","caller":"bash/main.go:64","msg":"Successfully executed command \"sh -c mkdir -p /workspace/source\"; output "}

Showing logs for build [32mcb-kubecd-environment-pr-1351-2-kwzd5-2[0m stage [32mfrom-build-pack[0m and container [32mstep-place-tools[0m

Showing logs for build [32mcb-kubecd-environment-pr-1351-2-kwzd5-2[0m stage [32mfrom-build-pack[0m and container [32mstep-git-source-cb-kubecd-environment-pr-1351-2-kwzd5-r7qvc[0m
{"level":"warn","ts":1585747130.0511143,"logger":"fallback-logger","caller":"logging/config.go:69","msg":"Fetch GitHub commit ID from kodata failed: \"ref: refs/heads/0.8.0-**-support-backwards-incompats\" is not a valid GitHub commit ID"}
{"level":"info","ts":1585747131.0949528,"logger":"fallback-logger","caller":"git/git.go:103","msg":"Successfully cloned https://github.com/cb-kubecd/environment-pr-1351-2-bdd-frontend-staging.git @ master in path /workspace/source"}

Showing logs for build [32mcb-kubecd-environment-pr-1351-2-kwzd5-2[0m stage [32mfrom-build-pack[0m and container [32mstep-git-merge[0m
Using SHAs from PULL_REFS=master:383e766c2bd4f81ec731813b52c35d88e8db8d9f,1:99d60ef54a94e4174eb02661f248e66b39ab7813
DEBUG: LC_ALL=C JX_LOG_LEVEL=error git fetch origin --unshallow 99d60ef54a94e4174eb02661f248e66b39ab7813: 383e766c2bd4f81ec731813b52c35d88e8db8d9f:
DEBUG: ran git fetch --unshallow origin 99d60ef54a94e4174eb02661f248e66b39ab7813: 383e766c2bd4f81ec731813b52c35d88e8db8d9f: in 
DEBUG: LC_ALL=C JX_LOG_LEVEL=error git branch
DEBUG: LC_ALL=C JX_LOG_LEVEL=error git checkout master
DEBUG: ran git checkout master in 
DEBUG: LC_ALL=C JX_LOG_LEVEL=error git reset --hard 383e766c2bd4f81ec731813b52c35d88e8db8d9f
DEBUG: ran git reset --hard 383e766c2bd4f81ec731813b52c35d88e8db8d9f in 
DEBUG: LC_ALL=C JX_LOG_LEVEL=error git clean -fd .
DEBUG: ran clean --force -d . in 
DEBUG: LC_ALL=C JX_LOG_LEVEL=error git merge 99d60ef54a94e4174eb02661f248e66b39ab7813
DEBUG: ran git merge 99d60ef54a94e4174eb02661f248e66b39ab7813 in 
DEBUG: LC_ALL=C JX_LOG_LEVEL=error git log --format=%H%x1f%an%x1f%ae%x1f%cn%x1f%ce%x1f%s%n%b%x1e 383e766c2bd4f81ec731813b52c35d88e8db8d9f..HEAD
Merged SHA 99d60ef54a94e4174eb02661f248e66b39ab7813 with commit message 'chore: Promote bdd-nh-1585746100 to version 0.0.1' into base branch master

Showing logs for build [32mcb-kubecd-environment-pr-1351-2-kwzd5-2[0m stage [32mfrom-build-pack[0m and container [32mstep-build-helm-build[0m
WARNING: No $CHART_REPOSITORY defined so using the default value of: http://jenkins-x-chartmuseum:8080
Adding missing Helm repo: storage.googleapis.com https://storage.googleapis.com/chartmuseum.jenkins-x.io
WARNING: No secrets found on "helm/repos" due: reading the secret "helm/repos" from vault: no secret "helm/repos" not found in vault
Read credentials for https://storage.googleapis.com/chartmuseum.jenkins-x.io from vault helm/repos
Successfully added Helm repository storage.googleapis.com.
Adding missing Helm repo: jenkins-x-chartmuseum http://jenkins-x-chartmuseum:8080
WARNING: No secrets found on "helm/repos" due: reading the secret "helm/repos" from vault: no secret "helm/repos" not found in vault
Read credentials for http://jenkins-x-chartmuseum:8080 from vault helm/repos
Successfully added Helm repository jenkins-x-chartmuseum.
WARNING: No $CHART_REPOSITORY defined so using the default value of: http://jenkins-x-chartmuseum:8080
Adding missing Helm repo: chartmuseum.jenkins-x.io http://chartmuseum.jenkins-x.io
WARNING: No secrets found on "helm/repos" due: reading the secret "helm/repos" from vault: no secret "helm/repos" not found in vault
Read credentials for http://chartmuseum.jenkins-x.io from vault helm/repos
Successfully added Helm repository chartmuseum.jenkins-x.io.
